<?xml version="1.0" encoding="UTF-8"?>
<!-- Generated by org.testng.reporters.JUnitReportReporter -->
<testsuite hostname="NABO-013FG50-LX" name="TestCase1" tests="1" failures="0" timestamp="3 Jun 2022 11:32:50 GMT" time="17.473" errors="0">
  <testcase name="testcase1" time="17.473" classname="TestCase1"/>
</testsuite> <!-- TestCase1 -->
