<?xml version="1.0" encoding="UTF-8"?>
<!-- Generated by org.testng.reporters.JUnitReportReporter -->
<testsuite hostname="NABO-013FG50-LX" name="TestCase4" tests="1" failures="0" timestamp="3 Jun 2022 10:14:43 GMT" time="15.514" errors="0">
  <testcase name="testcase4" time="15.514" classname="TestCase4"/>
</testsuite> <!-- TestCase4 -->
