<?xml version="1.0" encoding="UTF-8"?>
<!-- Generated by org.testng.reporters.JUnitReportReporter -->
<testsuite hostname="NABO-013FG50-LX" name="TestCase3" tests="1" failures="0" timestamp="3 Jun 2022 10:16:10 GMT" time="17.005" errors="0">
  <testcase name="testcase3" time="17.005" classname="TestCase3"/>
</testsuite> <!-- TestCase3 -->
