<?xml version="1.0" encoding="UTF-8"?>
<!-- Generated by org.testng.reporters.JUnitReportReporter -->
<testsuite hostname="NABO-013FG50-LX" name="TestCase2" tests="5" failures="0" timestamp="3 Jun 2022 10:18:35 GMT" time="100.858" errors="0">
  <testcase name="testcase2" time="22.202" classname="TestCase2"/>
  <testcase name="testcase2" time="17.178" classname="TestCase2"/>
  <testcase name="testcase2" time="20.590" classname="TestCase2"/>
  <testcase name="testcase2" time="16.983" classname="TestCase2"/>
  <testcase name="testcase2" time="23.905" classname="TestCase2"/>
</testsuite> <!-- TestCase2 -->
